2018-12-31 14:40:40,371 — reproc_logger — INFO — __init__:79 — 
 ____                             _____           _ _
|  _ \ ___ _ __  _ __ ___   ___  |_   _|__   ___ | | |__   _____  __
| |_) / _ \ '_ \| '__/ _ \ / __|   | |/ _ \ / _ \| | '_ \ / _ \ \/ /
|  _ <  __/ |_) | | | (_) | (__    | | (_) | (_) | | |_) | (_) >  <
|_| \_\___| .__/|_|  \___/ \___|   |_|\___/ \___/|_|_.__/ \___/_/\_\

2018-12-31 14:41:18,817 — reproc_logger — INFO — __init__:79 — 
 ____                             _____           _ _
|  _ \ ___ _ __  _ __ ___   ___  |_   _|__   ___ | | |__   _____  __
| |_) / _ \ '_ \| '__/ _ \ / __|   | |/ _ \ / _ \| | '_ \ / _ \ \/ /
|  _ <  __/ |_) | | | (_) | (__    | | (_) | (_) | | |_) | (_) >  <
|_| \_\___| .__/|_|  \___/ \___|   |_|\___/ \___/|_|_.__/ \___/_/\_\

2018-12-31 14:42:14,386 — reproc_logger — INFO — main:79 — 
 ____                             _____           _ _
|  _ \ ___ _ __  _ __ ___   ___  |_   _|__   ___ | | |__   _____  __
| |_) / _ \ '_ \| '__/ _ \ / __|   | |/ _ \ / _ \| | '_ \ / _ \ \/ /
|  _ <  __/ |_) | | | (_) | (__    | | (_) | (_) | | |_) | (_) >  <
|_| \_\___| .__/|_|  \___/ \___|   |_|\___/ \___/|_|_.__/ \___/_/\_\

2018-12-31 15:26:23,354 — reproc_logger — INFO — main:80 — 
 ____                             _____           _ _
|  _ \ ___ _ __  _ __ ___   ___  |_   _|__   ___ | | |__   _____  __
| |_) / _ \ '_ \| '__/ _ \ / __|   | |/ _ \ / _ \| | '_ \ / _ \ \/ /
|  _ <  __/ |_) | | | (_) | (__    | | (_) | (_) | | |_) | (_) >  <
|_| \_\___| .__/|_|  \___/ \___|   |_|\___/ \___/|_|_.__/ \___/_/\_\

2018-12-31 15:26:28,170 — reproc_logger — INFO — main:80 — 
 ____                             _____           _ _
|  _ \ ___ _ __  _ __ ___   ___  |_   _|__   ___ | | |__   _____  __
| |_) / _ \ '_ \| '__/ _ \ / __|   | |/ _ \ / _ \| | '_ \ / _ \ \/ /
|  _ <  __/ |_) | | | (_) | (__    | | (_) | (_) | | |_) | (_) >  <
|_| \_\___| .__/|_|  \___/ \___|   |_|\___/ \___/|_|_.__/ \___/_/\_\

2018-12-31 15:39:21,113 — reproc_logger — INFO — main:85 — 
 ____                             _____           _ _
|  _ \ ___ _ __  _ __ ___   ___  |_   _|__   ___ | | |__   _____  __
| |_) / _ \ '_ \| '__/ _ \ / __|   | |/ _ \ / _ \| | '_ \ / _ \ \/ /
|  _ <  __/ |_) | | | (_) | (__    | | (_) | (_) | | |_) | (_) >  <
|_| \_\___| .__/|_|  \___/ \___|   |_|\___/ \___/|_|_.__/ \___/_/\_\

